<?xml version="1.0" encoding="UTF-8"?>
<testng-results skipped="0" failed="0" ignored="0" total="1" passed="1">
  <reporter-output>
  </reporter-output>
  <suite name="Default suite" duration-ms="2527" started-at="2018-12-23T08:45:23Z" finished-at="2018-12-23T08:45:25Z">
    <groups>
    </groups>
    <test name="Default test" duration-ms="2527" started-at="2018-12-23T08:45:23Z" finished-at="2018-12-23T08:45:25Z">
      <class name="abc.com.RestAssureCore.LoginTest">
        <test-method status="PASS" signature="doLogin()[pri:0, instance:abc.com.RestAssureCore.LoginTest@51e5fc98]" name="doLogin" duration-ms="2458" started-at="2018-12-23T15:45:23Z" finished-at="2018-12-23T15:45:25Z">
          <reporter-output>
          </reporter-output>
        </test-method> <!-- doLogin -->
      </class> <!-- abc.com.RestAssureCore.LoginTest -->
    </test> <!-- Default test -->
  </suite> <!-- Default suite -->
</testng-results>
